INFO 2019-12-12 12:17:49,032 root : Сервер доступний. Час на сервері: 2019-12-12/12/19 10:17:48
INFO 2019-12-12 12:17:49,032 root : Запитувана сторінка: : /health/
INFO 2019-12-12 12:17:49,032 root : Відповідь сервера місти наступні поля:
INFO 2019-12-12 12:17:49,032 root : Ключ: date, Значення: 2019-12-12/12/19 10:17:48
INFO 2019-12-12 12:17:49,032 root : Ключ: current_page, Значення: /health/
INFO 2019-12-12 12:17:49,033 root : Ключ: server_info, Значення: ['Linux', 'diana-VirtualBox', '5.0.0-23-generic', '#24~18.04.1-Ubuntu SMP Mon Jul 29 16:12:28 UTC 2019', 'x86_64']
INFO 2019-12-12 12:17:49,033 root : Ключ: client_info, Значення: python-requests/2.22.0
INFO 2019-12-12 12:18:06,323 root : Сервер доступний. Час на сервері: 2019-12-12/12/19 10:18:06
INFO 2019-12-12 12:18:06,324 root : Запитувана сторінка: : /health/
INFO 2019-12-12 12:18:06,324 root : Відповідь сервера місти наступні поля:
INFO 2019-12-12 12:18:06,324 root : Ключ: date, Значення: 2019-12-12/12/19 10:18:06
INFO 2019-12-12 12:18:06,324 root : Ключ: current_page, Значення: /health/
INFO 2019-12-12 12:18:06,324 root : Ключ: server_info, Значення: ['Linux', 'diana-VirtualBox', '5.0.0-23-generic', '#24~18.04.1-Ubuntu SMP Mon Jul 29 16:12:28 UTC 2019', 'x86_64']
INFO 2019-12-12 12:18:06,324 root : Ключ: client_info, Значення: python-requests/2.22.0
ERROR 2019-12-12 12:19:06,344 root : Сервер не доступний!
WARNING 2019-12-12 12:19:06,344 root : Не вдалося завантажити контент
ERROR 2019-12-12 12:20:06,363 root : Сервер не доступний!
WARNING 2019-12-12 12:20:06,364 root : Не вдалося завантажити контент
ERROR 2019-12-12 12:24:30,948 root : Сервер не доступний!
WARNING 2019-12-12 12:24:30,948 root : Не вдалося завантажити контент
